2024-04-19 17:49:46.495 NONE  [3752] <<<<< ---------------- StoveSDK Module Load ---------------- >>>>>
2024-04-19 17:49:46.495 INFO  [3752] 
2024-04-19 17:49:46.495 NONE  [3752] --> StovePC_Init
2024-04-19 17:49:46.495 NONE  [3752]     checking input config value...
2024-04-19 17:49:46.495 NONE  [3752]     config value checking successful
2024-04-19 17:49:46.495 NONE  [3752]     checking log...
2024-04-19 17:49:46.495 NONE  [3752] ---------------------------------------------
2024-04-19 17:49:46.495 NONE  [3752] StovePCSDK(ver :2.6.6)
2024-04-19 17:49:46.495 NONE  [3752] Game Env : 
2024-04-19 17:49:46.495 NONE  [3752] Game LogLevel : 1
2024-04-19 17:49:46.495 NONE  [3752] Game LogPath : 
2024-04-19 17:49:46.495 NONE  [3752] ---------------------------------------------
2024-04-19 17:49:46.496 NONE  [3752]     core instance creation in progress...
2024-04-19 17:52:43.267 NONE  [3752] --> StovePC_Init
2024-04-19 17:52:43.267 NONE  [3752]     checking input config value...
2024-04-19 17:52:43.267 NONE  [3752]     config value checking successful
2024-04-19 17:52:43.267 NONE  [3752]     checking log...
2024-04-19 17:52:43.267 NONE  [3752] --> StovePC_Init
2024-04-19 17:52:43.267 NONE  [3752]     checking input config value...
2024-04-19 17:52:43.267 NONE  [3752]     config value checking successful
2024-04-19 17:52:43.267 NONE  [3752]     checking log...
2024-04-19 17:52:43.267 NONE  [3752] ---------------------------------------------
2024-04-19 17:52:43.267 NONE  [3752] StovePCSDK(ver :2.6.6)
2024-04-19 17:52:43.267 NONE  [3752] Game Env : 
2024-04-19 17:52:43.267 NONE  [3752] Game LogLevel : 1
2024-04-19 17:52:43.267 NONE  [3752] Game LogPath : 
2024-04-19 17:52:43.267 NONE  [3752] ---------------------------------------------
2024-04-19 17:52:43.267 NONE  [3752]     core instance creation in progress...
2024-04-19 18:06:43.691 NONE  [3752] --> StovePC_Init
2024-04-19 18:06:43.691 NONE  [3752]     checking input config value...
2024-04-19 18:06:43.691 NONE  [3752]     config value checking successful
2024-04-19 18:06:43.691 NONE  [3752]     checking log...
2024-04-19 18:06:43.691 NONE  [3752] --> StovePC_Init
2024-04-19 18:06:43.691 NONE  [3752]     checking input config value...
2024-04-19 18:06:43.691 NONE  [3752]     config value checking successful
2024-04-19 18:06:43.691 NONE  [3752]     checking log...
2024-04-19 18:06:43.691 NONE  [3752] ---------------------------------------------
2024-04-19 18:06:43.691 NONE  [3752] StovePCSDK(ver :2.6.6)
2024-04-19 18:06:43.691 NONE  [3752] Game Env : 
2024-04-19 18:06:43.691 NONE  [3752] Game LogLevel : 1
2024-04-19 18:06:43.691 NONE  [3752] Game LogPath : 
2024-04-19 18:06:43.691 NONE  [3752] ---------------------------------------------
2024-04-19 18:06:43.691 NONE  [3752]     core instance creation in progress...
2024-04-19 18:06:43.703 NONE  [16300]     async init start...
2024-04-19 18:06:44.107 NONE  [16300]     constans server connect complete...
2024-04-19 18:08:17.393 NONE  [3752] --> StovePC_Init
2024-04-19 18:08:17.393 NONE  [3752]     checking input config value...
2024-04-19 18:08:17.393 NONE  [3752]     config value checking successful
2024-04-19 18:08:17.393 NONE  [3752]     checking log...
2024-04-19 18:08:17.393 NONE  [3752] --> StovePC_Init
2024-04-19 18:08:17.393 NONE  [3752]     checking input config value...
2024-04-19 18:08:17.393 NONE  [3752]     config value checking successful
2024-04-19 18:08:17.393 NONE  [3752]     checking log...
2024-04-19 18:08:17.393 NONE  [3752] ---------------------------------------------
2024-04-19 18:08:17.393 NONE  [3752] StovePCSDK(ver :2.6.6)
2024-04-19 18:08:17.393 NONE  [3752] Game Env : 
2024-04-19 18:08:17.393 NONE  [3752] Game LogLevel : 1
2024-04-19 18:08:17.393 NONE  [3752] Game LogPath : 
2024-04-19 18:08:17.393 NONE  [3752] ---------------------------------------------
2024-04-19 18:08:17.393 NONE  [3752]     core instance creation in progress...
2024-04-19 18:08:17.400 NONE  [3480]     async init start...
2024-04-19 18:08:17.601 NONE  [3480]     constans server connect complete...
2024-04-19 18:10:06.546 NONE  [3752] --> StovePC_Init
2024-04-19 18:10:06.546 NONE  [3752]     checking input config value...
2024-04-19 18:10:06.546 NONE  [3752]     config value checking successful
2024-04-19 18:10:06.546 NONE  [3752]     checking log...
2024-04-19 18:10:06.546 NONE  [3752] --> StovePC_Init
2024-04-19 18:10:06.546 NONE  [3752]     checking input config value...
2024-04-19 18:10:06.546 NONE  [3752]     config value checking successful
2024-04-19 18:10:06.546 NONE  [3752]     checking log...
2024-04-19 18:10:06.546 NONE  [3752] ---------------------------------------------
2024-04-19 18:10:06.546 NONE  [3752] StovePCSDK(ver :2.6.6)
2024-04-19 18:10:06.546 NONE  [3752] Game Env : 
2024-04-19 18:10:06.546 NONE  [3752] Game LogLevel : 1
2024-04-19 18:10:06.546 NONE  [3752] Game LogPath : 
2024-04-19 18:10:06.546 NONE  [3752] ---------------------------------------------
2024-04-19 18:10:06.546 NONE  [3752]     core instance creation in progress...
2024-04-19 18:10:06.552 NONE  [32780]     async init start...
2024-04-19 18:10:06.911 NONE  [32780]     constans server connect complete...
2024-04-19 18:11:05.735 NONE  [3752] --> StovePC_Init
2024-04-19 18:11:05.735 NONE  [3752]     checking input config value...
2024-04-19 18:11:05.735 NONE  [3752]     config value checking successful
2024-04-19 18:11:05.735 NONE  [3752]     checking log...
2024-04-19 18:11:05.735 NONE  [3752] --> StovePC_Init
2024-04-19 18:11:05.735 NONE  [3752]     checking input config value...
2024-04-19 18:11:05.735 NONE  [3752]     config value checking successful
2024-04-19 18:11:05.735 NONE  [3752]     checking log...
2024-04-19 18:11:05.735 NONE  [3752] ---------------------------------------------
2024-04-19 18:11:05.735 NONE  [3752] StovePCSDK(ver :2.6.6)
2024-04-19 18:11:05.735 NONE  [3752] Game Env : 
2024-04-19 18:11:05.735 NONE  [3752] Game LogLevel : 1
2024-04-19 18:11:05.735 NONE  [3752] Game LogPath : 
2024-04-19 18:11:05.735 NONE  [3752] ---------------------------------------------
2024-04-19 18:11:05.735 NONE  [3752]     core instance creation in progress...
2024-04-19 18:11:05.738 NONE  [3404]     async init start...
2024-04-19 18:11:05.789 NONE  [3404]     constans server connect complete...
2024-04-19 18:15:45.400 NONE  [3752] --> StovePC_Init
2024-04-19 18:15:45.400 NONE  [3752]     checking input config value...
2024-04-19 18:15:45.400 NONE  [3752]     config value checking successful
2024-04-19 18:15:45.400 NONE  [3752]     checking log...
2024-04-19 18:15:45.400 NONE  [3752] --> StovePC_Init
2024-04-19 18:15:45.400 NONE  [3752]     checking input config value...
2024-04-19 18:15:45.400 NONE  [3752]     config value checking successful
2024-04-19 18:15:45.400 NONE  [3752]     checking log...
2024-04-19 18:15:45.400 NONE  [3752] ---------------------------------------------
2024-04-19 18:15:45.400 NONE  [3752] StovePCSDK(ver :2.6.6)
2024-04-19 18:15:45.400 NONE  [3752] Game Env : 
2024-04-19 18:15:45.400 NONE  [3752] Game LogLevel : 1
2024-04-19 18:15:45.400 NONE  [3752] Game LogPath : 
2024-04-19 18:15:45.400 NONE  [3752] ---------------------------------------------
2024-04-19 18:15:45.400 NONE  [3752]     core instance creation in progress...
2024-04-19 18:15:45.405 NONE  [4276]     async init start...
2024-04-19 18:15:45.607 NONE  [4276]     constans server connect complete...
2024-04-19 18:17:03.161 NONE  [3752] --> StovePC_Init
2024-04-19 18:17:03.161 NONE  [3752]     checking input config value...
2024-04-19 18:17:03.161 NONE  [3752]     config value checking successful
2024-04-19 18:17:03.161 NONE  [3752]     checking log...
2024-04-19 18:17:03.161 NONE  [3752] --> StovePC_Init
2024-04-19 18:17:03.161 NONE  [3752]     checking input config value...
2024-04-19 18:17:03.161 NONE  [3752]     config value checking successful
2024-04-19 18:17:03.161 NONE  [3752]     checking log...
2024-04-19 18:17:03.161 NONE  [3752] ---------------------------------------------
2024-04-19 18:17:03.161 NONE  [3752] StovePCSDK(ver :2.6.6)
2024-04-19 18:17:03.161 NONE  [3752] Game Env : 
2024-04-19 18:17:03.161 NONE  [3752] Game LogLevel : 1
2024-04-19 18:17:03.161 NONE  [3752] Game LogPath : 
2024-04-19 18:17:03.161 NONE  [3752] ---------------------------------------------
2024-04-19 18:17:03.161 NONE  [3752]     core instance creation in progress...
2024-04-19 18:17:03.164 NONE  [30600]     async init start...
2024-04-19 18:17:03.508 NONE  [30600]     constans server connect complete...
2024-04-19 18:31:57.016 NONE  [3752] --> StovePC_Init
2024-04-19 18:31:57.016 NONE  [3752]     checking input config value...
2024-04-19 18:31:57.016 NONE  [3752]     config value checking successful
2024-04-19 18:31:57.016 NONE  [3752]     checking log...
2024-04-19 18:31:57.016 NONE  [3752] --> StovePC_Init
2024-04-19 18:31:57.016 NONE  [3752]     checking input config value...
2024-04-19 18:31:57.016 NONE  [3752]     config value checking successful
2024-04-19 18:31:57.016 NONE  [3752]     checking log...
2024-04-19 18:31:57.016 NONE  [3752] ---------------------------------------------
2024-04-19 18:31:57.016 NONE  [3752] StovePCSDK(ver :2.6.6)
2024-04-19 18:31:57.016 NONE  [3752] Game Env : 
2024-04-19 18:31:57.016 NONE  [3752] Game LogLevel : 1
2024-04-19 18:31:57.016 NONE  [3752] Game LogPath : 
2024-04-19 18:31:57.016 NONE  [3752] ---------------------------------------------
2024-04-19 18:31:57.016 NONE  [3752]     core instance creation in progress...
2024-04-19 18:31:57.019 NONE  [17756]     async init start...
2024-04-19 18:31:57.233 NONE  [17756]     constans server connect complete...
2024-04-19 18:34:20.070 NONE  [3752] --> StovePC_Init
2024-04-19 18:34:20.071 NONE  [3752]     checking input config value...
2024-04-19 18:34:20.071 NONE  [3752]     config value checking successful
2024-04-19 18:34:20.071 NONE  [3752]     checking log...
2024-04-19 18:34:20.071 NONE  [3752] --> StovePC_Init
2024-04-19 18:34:20.071 NONE  [3752]     checking input config value...
2024-04-19 18:34:20.071 NONE  [3752]     config value checking successful
2024-04-19 18:34:20.071 NONE  [3752]     checking log...
2024-04-19 18:34:20.071 NONE  [3752] ---------------------------------------------
2024-04-19 18:34:20.071 NONE  [3752] StovePCSDK(ver :2.6.6)
2024-04-19 18:34:20.071 NONE  [3752] Game Env : 
2024-04-19 18:34:20.071 NONE  [3752] Game LogLevel : 1
2024-04-19 18:34:20.071 NONE  [3752] Game LogPath : 
2024-04-19 18:34:20.071 NONE  [3752] ---------------------------------------------
2024-04-19 18:34:20.071 NONE  [3752]     core instance creation in progress...
2024-04-19 18:34:20.075 NONE  [39520]     async init start...
2024-04-19 18:34:20.250 NONE  [39520]     constans server connect complete...
2024-04-19 18:35:45.772 NONE  [3752] --> StovePC_Init
2024-04-19 18:35:45.772 NONE  [3752]     checking input config value...
2024-04-19 18:35:45.772 NONE  [3752]     config value checking successful
2024-04-19 18:35:45.772 NONE  [3752]     checking log...
2024-04-19 18:35:45.772 NONE  [3752] --> StovePC_Init
2024-04-19 18:35:45.772 NONE  [3752]     checking input config value...
2024-04-19 18:35:45.772 NONE  [3752]     config value checking successful
2024-04-19 18:35:45.772 NONE  [3752]     checking log...
2024-04-19 18:35:45.772 NONE  [3752] ---------------------------------------------
2024-04-19 18:35:45.772 NONE  [3752] StovePCSDK(ver :2.6.6)
2024-04-19 18:35:45.772 NONE  [3752] Game Env : 
2024-04-19 18:35:45.772 NONE  [3752] Game LogLevel : 1
2024-04-19 18:35:45.772 NONE  [3752] Game LogPath : 
2024-04-19 18:35:45.772 NONE  [3752] ---------------------------------------------
2024-04-19 18:35:45.772 NONE  [3752]     core instance creation in progress...
2024-04-19 18:35:45.777 NONE  [23504]     async init start...
2024-04-19 18:35:45.955 NONE  [23504]     constans server connect complete...
2024-04-19 18:41:42.449 NONE  [3752] --> StovePC_Init
2024-04-19 18:41:42.449 NONE  [3752]     checking input config value...
2024-04-19 18:41:42.449 NONE  [3752]     config value checking successful
2024-04-19 18:41:42.449 NONE  [3752]     checking log...
2024-04-19 18:41:42.449 NONE  [3752] --> StovePC_Init
2024-04-19 18:41:42.449 NONE  [3752]     checking input config value...
2024-04-19 18:41:42.449 NONE  [3752]     config value checking successful
2024-04-19 18:41:42.449 NONE  [3752]     checking log...
2024-04-19 18:41:42.449 NONE  [3752] ---------------------------------------------
2024-04-19 18:41:42.449 NONE  [3752] StovePCSDK(ver :2.6.6)
2024-04-19 18:41:42.450 NONE  [3752] Game Env : 
2024-04-19 18:41:42.450 NONE  [3752] Game LogLevel : 1
2024-04-19 18:41:42.450 NONE  [3752] Game LogPath : 
2024-04-19 18:41:42.450 NONE  [3752] ---------------------------------------------
2024-04-19 18:41:42.450 NONE  [3752]     core instance creation in progress...
2024-04-19 18:41:42.454 NONE  [39476]     async init start...
2024-04-19 18:41:42.824 NONE  [39476]     constans server connect complete...
2024-04-19 18:45:42.714 NONE  [3752] --> StovePC_Init
2024-04-19 18:45:42.714 NONE  [3752]     checking input config value...
2024-04-19 18:45:42.714 NONE  [3752]     config value checking successful
2024-04-19 18:45:42.715 NONE  [3752]     checking log...
2024-04-19 18:45:42.715 NONE  [3752] --> StovePC_Init
2024-04-19 18:45:42.715 NONE  [3752]     checking input config value...
2024-04-19 18:45:42.715 NONE  [3752]     config value checking successful
2024-04-19 18:45:42.715 NONE  [3752]     checking log...
2024-04-19 18:45:42.715 NONE  [3752] ---------------------------------------------
2024-04-19 18:45:42.715 NONE  [3752] StovePCSDK(ver :2.6.6)
2024-04-19 18:45:42.715 NONE  [3752] Game Env : 
2024-04-19 18:45:42.715 NONE  [3752] Game LogLevel : 1
2024-04-19 18:45:42.715 NONE  [3752] Game LogPath : 
2024-04-19 18:45:42.715 NONE  [3752] ---------------------------------------------
2024-04-19 18:45:42.715 NONE  [3752]     core instance creation in progress...
2024-04-19 18:45:42.720 NONE  [6048]     async init start...
2024-04-19 18:45:42.929 NONE  [6048]     constans server connect complete...
2024-04-19 18:46:22.714 NONE  [3752] --> StovePC_Init
2024-04-19 18:46:22.715 NONE  [3752]     checking input config value...
2024-04-19 18:46:22.715 NONE  [3752]     config value checking successful
2024-04-19 18:46:22.715 NONE  [3752]     checking log...
2024-04-19 18:46:22.715 NONE  [3752] --> StovePC_Init
2024-04-19 18:46:22.715 NONE  [3752]     checking input config value...
2024-04-19 18:46:22.715 NONE  [3752]     config value checking successful
2024-04-19 18:46:22.715 NONE  [3752]     checking log...
2024-04-19 18:46:22.715 NONE  [3752] ---------------------------------------------
2024-04-19 18:46:22.715 NONE  [3752] StovePCSDK(ver :2.6.6)
2024-04-19 18:46:22.715 NONE  [3752] Game Env : 
2024-04-19 18:46:22.715 NONE  [3752] Game LogLevel : 1
2024-04-19 18:46:22.715 NONE  [3752] Game LogPath : 
2024-04-19 18:46:22.715 NONE  [3752] ---------------------------------------------
2024-04-19 18:46:22.715 NONE  [3752]     core instance creation in progress...
2024-04-19 18:46:22.718 NONE  [37496]     async init start...
2024-04-19 18:46:22.771 NONE  [37496]     constans server connect complete...
2024-04-19 18:50:50.736 NONE  [3752] --> StovePC_Init
2024-04-19 18:50:50.736 NONE  [3752]     checking input config value...
2024-04-19 18:50:50.737 NONE  [3752]     config value checking successful
2024-04-19 18:50:50.737 NONE  [3752]     checking log...
2024-04-19 18:50:50.737 NONE  [3752] --> StovePC_Init
2024-04-19 18:50:50.737 NONE  [3752]     checking input config value...
2024-04-19 18:50:50.737 NONE  [3752]     config value checking successful
2024-04-19 18:50:50.737 NONE  [3752]     checking log...
2024-04-19 18:50:50.737 NONE  [3752] ---------------------------------------------
2024-04-19 18:50:50.737 NONE  [3752] StovePCSDK(ver :2.6.6)
2024-04-19 18:50:50.737 NONE  [3752] Game Env : 
2024-04-19 18:50:50.737 NONE  [3752] Game LogLevel : 1
2024-04-19 18:50:50.737 NONE  [3752] Game LogPath : 
2024-04-19 18:50:50.737 NONE  [3752] ---------------------------------------------
2024-04-19 18:50:50.737 NONE  [3752]     core instance creation in progress...
2024-04-19 18:50:50.741 NONE  [33340]     async init start...
2024-04-19 18:50:50.994 NONE  [33340]     constans server connect complete...
2024-04-19 18:57:30.414 NONE  [3752] --> StovePC_Init
2024-04-19 18:57:30.414 NONE  [3752]     checking input config value...
2024-04-19 18:57:30.414 NONE  [3752]     config value checking successful
2024-04-19 18:57:30.414 NONE  [3752]     checking log...
2024-04-19 18:57:30.414 NONE  [3752] --> StovePC_Init
2024-04-19 18:57:30.414 NONE  [3752]     checking input config value...
2024-04-19 18:57:30.414 NONE  [3752]     config value checking successful
2024-04-19 18:57:30.414 NONE  [3752]     checking log...
2024-04-19 18:57:30.414 NONE  [3752] ---------------------------------------------
2024-04-19 18:57:30.414 NONE  [3752] StovePCSDK(ver :2.6.6)
2024-04-19 18:57:30.414 NONE  [3752] Game Env : 
2024-04-19 18:57:30.414 NONE  [3752] Game LogLevel : 1
2024-04-19 18:57:30.414 NONE  [3752] Game LogPath : 
2024-04-19 18:57:30.414 NONE  [3752] ---------------------------------------------
2024-04-19 18:57:30.414 NONE  [3752]     core instance creation in progress...
2024-04-19 18:57:30.418 NONE  [30024]     async init start...
2024-04-19 18:57:30.612 NONE  [30024]     constans server connect complete...
2024-04-20 09:28:00.338 NONE  [30512] <<<<< ---------------- StoveSDK Module Load ---------------- >>>>>
2024-04-20 09:28:00.339 INFO  [30512] 
2024-04-20 09:28:00.339 NONE  [30512] --> StovePC_Init
2024-04-20 09:28:00.339 NONE  [30512]     checking input config value...
2024-04-20 09:28:00.339 NONE  [30512]     config value checking successful
2024-04-20 09:28:00.339 NONE  [30512]     checking log...
2024-04-20 09:28:00.339 NONE  [30512] ---------------------------------------------
2024-04-20 09:28:00.339 NONE  [30512] StovePCSDK(ver :2.6.6)
2024-04-20 09:28:00.339 NONE  [30512] Game Env : 
2024-04-20 09:28:00.339 NONE  [30512] Game LogLevel : 1
2024-04-20 09:28:00.339 NONE  [30512] Game LogPath : 
2024-04-20 09:28:00.339 NONE  [30512] ---------------------------------------------
2024-04-20 09:28:00.339 NONE  [30512]     core instance creation in progress...
2024-04-20 09:28:00.466 NONE  [24000]     async init start...
2024-04-20 09:28:00.653 NONE  [24000]     constans server connect complete...
2024-04-20 13:00:45.198 NONE  [30512] --> StovePC_Init
2024-04-20 13:00:45.208 NONE  [30512]     checking input config value...
2024-04-20 13:00:45.208 NONE  [30512]     config value checking successful
2024-04-20 13:00:45.208 NONE  [30512]     checking log...
2024-04-20 13:00:45.209 NONE  [30512] --> StovePC_Init
2024-04-20 13:00:45.209 NONE  [30512]     checking input config value...
2024-04-20 13:00:45.209 NONE  [30512]     config value checking successful
2024-04-20 13:00:45.209 NONE  [30512]     checking log...
2024-04-20 13:00:45.209 NONE  [30512] ---------------------------------------------
2024-04-20 13:00:45.209 NONE  [30512] StovePCSDK(ver :2.6.6)
2024-04-20 13:00:45.209 NONE  [30512] Game Env : 
2024-04-20 13:00:45.209 NONE  [30512] Game LogLevel : 1
2024-04-20 13:00:45.209 NONE  [30512] Game LogPath : 
2024-04-20 13:00:45.209 NONE  [30512] ---------------------------------------------
2024-04-20 13:00:45.209 NONE  [30512]     core instance creation in progress...
2024-04-20 13:00:45.222 NONE  [18988]     async init start...
2024-04-20 13:00:45.458 NONE  [18988]     constans server connect complete...
2024-04-20 13:00:55.463 NONE  [30512] --> StovePC_Init
2024-04-20 13:00:55.463 NONE  [30512]     checking input config value...
2024-04-20 13:00:55.463 NONE  [30512]     config value checking successful
2024-04-20 13:00:55.463 NONE  [30512]     checking log...
2024-04-20 13:00:55.463 NONE  [30512] --> StovePC_Init
2024-04-20 13:00:55.463 NONE  [30512]     checking input config value...
2024-04-20 13:00:55.463 NONE  [30512]     config value checking successful
2024-04-20 13:00:55.463 NONE  [30512]     checking log...
2024-04-20 13:00:55.463 NONE  [30512] ---------------------------------------------
2024-04-20 13:00:55.463 NONE  [30512] StovePCSDK(ver :2.6.6)
2024-04-20 13:00:55.463 NONE  [30512] Game Env : 
2024-04-20 13:00:55.463 NONE  [30512] Game LogLevel : 1
2024-04-20 13:00:55.463 NONE  [30512] Game LogPath : 
2024-04-20 13:00:55.463 NONE  [30512] ---------------------------------------------
2024-04-20 13:00:55.463 NONE  [30512]     core instance creation in progress...
2024-04-20 13:00:55.464 NONE  [32836]     async init start...
2024-04-20 13:00:55.521 NONE  [32836]     constans server connect complete...
2024-04-23 15:13:17.451 NONE  [8236] <<<<< ---------------- StoveSDK Module Load ---------------- >>>>>
2024-04-23 15:13:17.453 INFO  [8236] 
2024-04-23 15:13:17.453 NONE  [8236] --> StovePC_Init
2024-04-23 15:13:17.453 NONE  [8236]     checking input config value...
2024-04-23 15:13:17.453 NONE  [8236]     config value checking successful
2024-04-23 15:13:17.453 NONE  [8236]     checking log...
2024-04-23 15:13:17.453 NONE  [8236] ---------------------------------------------
2024-04-23 15:13:17.453 NONE  [8236] StovePCSDK(ver :2.6.6)
2024-04-23 15:13:17.454 NONE  [8236] Game Env : 
2024-04-23 15:13:17.454 NONE  [8236] Game LogLevel : 1
2024-04-23 15:13:17.454 NONE  [8236] Game LogPath : 
2024-04-23 15:13:17.454 NONE  [8236] ---------------------------------------------
2024-04-23 15:13:17.454 NONE  [8236]     core instance creation in progress...
2024-04-23 15:13:17.585 NONE  [23732]     async init start...
2024-04-23 15:13:17.998 NONE  [23732]     constans server connect complete...
2024-04-23 15:18:24.431 NONE  [8236] --> StovePC_Init
2024-04-23 15:18:24.432 NONE  [8236]     checking input config value...
2024-04-23 15:18:24.432 NONE  [8236]     config value checking successful
2024-04-23 15:18:24.432 NONE  [8236]     checking log...
2024-04-23 15:18:24.432 NONE  [8236] --> StovePC_Init
2024-04-23 15:18:24.432 NONE  [8236]     checking input config value...
2024-04-23 15:18:24.432 NONE  [8236]     config value checking successful
2024-04-23 15:18:24.432 NONE  [8236]     checking log...
2024-04-23 15:18:24.432 NONE  [8236] ---------------------------------------------
2024-04-23 15:18:24.432 NONE  [8236] StovePCSDK(ver :2.6.6)
2024-04-23 15:18:24.432 NONE  [8236] Game Env : 
2024-04-23 15:18:24.432 NONE  [8236] Game LogLevel : 1
2024-04-23 15:18:24.432 NONE  [8236] Game LogPath : 
2024-04-23 15:18:24.432 NONE  [8236] ---------------------------------------------
2024-04-23 15:18:24.432 NONE  [8236]     core instance creation in progress...
2024-04-23 15:18:24.433 NONE  [9868]     async init start...
2024-04-23 15:18:24.618 NONE  [9868]     constans server connect complete...
2024-04-23 15:23:02.961 NONE  [8236] --> StovePC_Init
2024-04-23 15:23:02.961 NONE  [8236]     checking input config value...
2024-04-23 15:23:02.961 NONE  [8236]     config value checking successful
2024-04-23 15:23:02.961 NONE  [8236]     checking log...
2024-04-23 15:23:02.961 NONE  [8236] --> StovePC_Init
2024-04-23 15:23:02.961 NONE  [8236]     checking input config value...
2024-04-23 15:23:02.961 NONE  [8236]     config value checking successful
2024-04-23 15:23:02.961 NONE  [8236]     checking log...
2024-04-23 15:23:02.961 NONE  [8236] ---------------------------------------------
2024-04-23 15:23:02.961 NONE  [8236] StovePCSDK(ver :2.6.6)
2024-04-23 15:23:02.961 NONE  [8236] Game Env : 
2024-04-23 15:23:02.961 NONE  [8236] Game LogLevel : 1
2024-04-23 15:23:02.961 NONE  [8236] Game LogPath : 
2024-04-23 15:23:02.961 NONE  [8236] ---------------------------------------------
2024-04-23 15:23:02.961 NONE  [8236]     core instance creation in progress...
2024-04-23 15:23:02.962 NONE  [20468]     async init start...
2024-04-23 15:23:03.135 NONE  [20468]     constans server connect complete...
2024-04-23 16:04:43.308 NONE  [16488] <<<<< ---------------- StoveSDK Module Load ---------------- >>>>>
2024-04-23 16:04:43.311 INFO  [16488] 
2024-04-23 16:04:43.311 NONE  [16488] --> StovePC_Init
2024-04-23 16:04:43.311 NONE  [16488]     checking input config value...
2024-04-23 16:04:43.311 NONE  [16488]     config value checking successful
2024-04-23 16:04:43.311 NONE  [16488]     checking log...
2024-04-23 16:04:43.311 NONE  [16488] ---------------------------------------------
2024-04-23 16:04:43.311 NONE  [16488] StovePCSDK(ver :2.6.6)
2024-04-23 16:04:43.311 NONE  [16488] Game Env : 
2024-04-23 16:04:43.311 NONE  [16488] Game LogLevel : 1
2024-04-23 16:04:43.311 NONE  [16488] Game LogPath : 
2024-04-23 16:04:43.311 NONE  [16488] ---------------------------------------------
2024-04-23 16:04:43.311 NONE  [16488]     core instance creation in progress...
2024-04-23 16:04:43.450 NONE  [2996]     async init start...
2024-04-23 16:04:43.694 NONE  [2996]     constans server connect complete...
2024-04-23 18:49:55.553 NONE  [30704] <<<<< ---------------- StoveSDK Module Load ---------------- >>>>>
2024-04-23 18:49:55.555 INFO  [30704] 
2024-04-23 18:49:55.555 NONE  [30704] --> StovePC_Init
2024-04-23 18:49:55.555 NONE  [30704]     checking input config value...
2024-04-23 18:49:55.555 NONE  [30704]     config value checking successful
2024-04-23 18:49:55.556 NONE  [30704]     checking log...
2024-04-23 18:49:55.556 NONE  [30704] ---------------------------------------------
2024-04-23 18:49:55.556 NONE  [30704] StovePCSDK(ver :2.6.6)
2024-04-23 18:49:55.556 NONE  [30704] Game Env : 
2024-04-23 18:49:55.556 NONE  [30704] Game LogLevel : 1
2024-04-23 18:49:55.556 NONE  [30704] Game LogPath : 
2024-04-23 18:49:55.556 NONE  [30704] ---------------------------------------------
2024-04-23 18:49:55.556 NONE  [30704]     core instance creation in progress...
2024-04-23 18:51:20.109 NONE  [30704] --> StovePC_Init
2024-04-23 18:51:20.109 NONE  [30704]     checking input config value...
2024-04-23 18:51:20.109 NONE  [30704]     config value checking successful
2024-04-23 18:51:20.109 NONE  [30704]     checking log...
2024-04-23 18:51:20.109 NONE  [30704] --> StovePC_Init
2024-04-23 18:51:20.109 NONE  [30704]     checking input config value...
2024-04-23 18:51:20.109 NONE  [30704]     config value checking successful
2024-04-23 18:51:20.109 NONE  [30704]     checking log...
2024-04-23 18:51:20.109 NONE  [30704] ---------------------------------------------
2024-04-23 18:51:20.109 NONE  [30704] StovePCSDK(ver :2.6.6)
2024-04-23 18:51:20.109 NONE  [30704] Game Env : 
2024-04-23 18:51:20.109 NONE  [30704] Game LogLevel : 1
2024-04-23 18:51:20.109 NONE  [30704] Game LogPath : 
2024-04-23 18:51:20.109 NONE  [30704] ---------------------------------------------
2024-04-23 18:51:20.109 NONE  [30704]     core instance creation in progress...
2024-04-23 18:53:24.806 NONE  [30704] --> StovePC_Init
2024-04-23 18:53:24.806 NONE  [30704]     checking input config value...
2024-04-23 18:53:24.806 NONE  [30704]     config value checking successful
2024-04-23 18:53:24.806 NONE  [30704]     checking log...
2024-04-23 18:53:24.806 NONE  [30704] --> StovePC_Init
2024-04-23 18:53:24.806 NONE  [30704]     checking input config value...
2024-04-23 18:53:24.806 NONE  [30704]     config value checking successful
2024-04-23 18:53:24.806 NONE  [30704]     checking log...
2024-04-23 18:53:24.806 NONE  [30704] ---------------------------------------------
2024-04-23 18:53:24.806 NONE  [30704] StovePCSDK(ver :2.6.6)
2024-04-23 18:53:24.806 NONE  [30704] Game Env : 
2024-04-23 18:53:24.806 NONE  [30704] Game LogLevel : 1
2024-04-23 18:53:24.806 NONE  [30704] Game LogPath : 
2024-04-23 18:53:24.806 NONE  [30704] ---------------------------------------------
2024-04-23 18:53:24.806 NONE  [30704]     core instance creation in progress...
2024-04-23 18:57:05.455 NONE  [30704] --> StovePC_Init
2024-04-23 18:57:05.455 NONE  [30704]     checking input config value...
2024-04-23 18:57:05.455 NONE  [30704]     config value checking successful
2024-04-23 18:57:05.455 NONE  [30704]     checking log...
2024-04-23 18:57:05.455 NONE  [30704] --> StovePC_Init
2024-04-23 18:57:05.455 NONE  [30704]     checking input config value...
2024-04-23 18:57:05.455 NONE  [30704]     config value checking successful
2024-04-23 18:57:05.455 NONE  [30704]     checking log...
2024-04-23 18:57:05.455 NONE  [30704] ---------------------------------------------
2024-04-23 18:57:05.455 NONE  [30704] StovePCSDK(ver :2.6.6)
2024-04-23 18:57:05.455 NONE  [30704] Game Env : 
2024-04-23 18:57:05.455 NONE  [30704] Game LogLevel : 1
2024-04-23 18:57:05.455 NONE  [30704] Game LogPath : 
2024-04-23 18:57:05.455 NONE  [30704] ---------------------------------------------
2024-04-23 18:57:05.455 NONE  [30704]     core instance creation in progress...
2024-04-23 19:04:44.390 NONE  [30704] --> StovePC_Init
2024-04-23 19:04:44.390 NONE  [30704]     checking input config value...
2024-04-23 19:04:44.390 NONE  [30704]     config value checking successful
2024-04-23 19:04:44.390 NONE  [30704]     checking log...
2024-04-23 19:04:44.390 NONE  [30704] --> StovePC_Init
2024-04-23 19:04:44.390 NONE  [30704]     checking input config value...
2024-04-23 19:04:44.390 NONE  [30704]     config value checking successful
2024-04-23 19:04:44.390 NONE  [30704]     checking log...
2024-04-23 19:04:44.390 NONE  [30704] ---------------------------------------------
2024-04-23 19:04:44.390 NONE  [30704] StovePCSDK(ver :2.6.6)
2024-04-23 19:04:44.390 NONE  [30704] Game Env : 
2024-04-23 19:04:44.390 NONE  [30704] Game LogLevel : 1
2024-04-23 19:04:44.390 NONE  [30704] Game LogPath : 
2024-04-23 19:04:44.390 NONE  [30704] ---------------------------------------------
2024-04-23 19:04:44.390 NONE  [30704]     core instance creation in progress...
2024-04-23 19:06:29.431 NONE  [30704] --> StovePC_Init
2024-04-23 19:06:29.431 NONE  [30704]     checking input config value...
2024-04-23 19:06:29.431 NONE  [30704]     config value checking successful
2024-04-23 19:06:29.431 NONE  [30704]     checking log...
2024-04-23 19:06:29.431 NONE  [30704] --> StovePC_Init
2024-04-23 19:06:29.431 NONE  [30704]     checking input config value...
2024-04-23 19:06:29.431 NONE  [30704]     config value checking successful
2024-04-23 19:06:29.431 NONE  [30704]     checking log...
2024-04-23 19:06:29.431 NONE  [30704] ---------------------------------------------
2024-04-23 19:06:29.431 NONE  [30704] StovePCSDK(ver :2.6.6)
2024-04-23 19:06:29.431 NONE  [30704] Game Env : 
2024-04-23 19:06:29.431 NONE  [30704] Game LogLevel : 1
2024-04-23 19:06:29.431 NONE  [30704] Game LogPath : 
2024-04-23 19:06:29.431 NONE  [30704] ---------------------------------------------
2024-04-23 19:06:29.431 NONE  [30704]     core instance creation in progress...
2024-04-23 19:09:41.009 NONE  [30704] --> StovePC_Init
2024-04-23 19:09:41.009 NONE  [30704]     checking input config value...
2024-04-23 19:09:41.009 NONE  [30704]     config value checking successful
2024-04-23 19:09:41.010 NONE  [30704]     checking log...
2024-04-23 19:09:41.010 NONE  [30704] --> StovePC_Init
2024-04-23 19:09:41.010 NONE  [30704]     checking input config value...
2024-04-23 19:09:41.010 NONE  [30704]     config value checking successful
2024-04-23 19:09:41.010 NONE  [30704]     checking log...
2024-04-23 19:09:41.010 NONE  [30704] ---------------------------------------------
2024-04-23 19:09:41.010 NONE  [30704] StovePCSDK(ver :2.6.6)
2024-04-23 19:09:41.010 NONE  [30704] Game Env : 
2024-04-23 19:09:41.010 NONE  [30704] Game LogLevel : 1
2024-04-23 19:09:41.010 NONE  [30704] Game LogPath : 
2024-04-23 19:09:41.010 NONE  [30704] ---------------------------------------------
2024-04-23 19:09:41.010 NONE  [30704]     core instance creation in progress...
2024-04-23 20:04:18.024 NONE  [30704] --> StovePC_Init
2024-04-23 20:04:18.024 NONE  [30704]     checking input config value...
2024-04-23 20:04:18.024 NONE  [30704]     config value checking successful
2024-04-23 20:04:18.024 NONE  [30704]     checking log...
2024-04-23 20:04:18.024 NONE  [30704] --> StovePC_Init
2024-04-23 20:04:18.024 NONE  [30704]     checking input config value...
2024-04-23 20:04:18.024 NONE  [30704]     config value checking successful
2024-04-23 20:04:18.024 NONE  [30704]     checking log...
2024-04-23 20:04:18.024 NONE  [30704] ---------------------------------------------
2024-04-23 20:04:18.024 NONE  [30704] StovePCSDK(ver :2.6.6)
2024-04-23 20:04:18.024 NONE  [30704] Game Env : 
2024-04-23 20:04:18.024 NONE  [30704] Game LogLevel : 1
2024-04-23 20:04:18.024 NONE  [30704] Game LogPath : 
2024-04-23 20:04:18.024 NONE  [30704] ---------------------------------------------
2024-04-23 20:04:18.024 NONE  [30704]     core instance creation in progress...
2024-04-23 20:05:11.427 NONE  [30704] --> StovePC_Init
2024-04-23 20:05:11.428 NONE  [30704]     checking input config value...
2024-04-23 20:05:11.428 NONE  [30704]     config value checking successful
2024-04-23 20:05:11.428 NONE  [30704]     checking log...
2024-04-23 20:05:11.428 NONE  [30704] --> StovePC_Init
2024-04-23 20:05:11.428 NONE  [30704]     checking input config value...
2024-04-23 20:05:11.428 NONE  [30704]     config value checking successful
2024-04-23 20:05:11.428 NONE  [30704]     checking log...
2024-04-23 20:05:11.428 NONE  [30704] ---------------------------------------------
2024-04-23 20:05:11.428 NONE  [30704] StovePCSDK(ver :2.6.6)
2024-04-23 20:05:11.428 NONE  [30704] Game Env : 
2024-04-23 20:05:11.428 NONE  [30704] Game LogLevel : 1
2024-04-23 20:05:11.428 NONE  [30704] Game LogPath : 
2024-04-23 20:05:11.428 NONE  [30704] ---------------------------------------------
2024-04-23 20:05:11.428 NONE  [30704]     core instance creation in progress...
2024-04-23 20:41:05.024 NONE  [8020] <<<<< ---------------- StoveSDK Module Load ---------------- >>>>>
2024-04-23 20:41:05.025 INFO  [8020] 
2024-04-23 20:41:05.025 NONE  [8020] --> StovePC_Init
2024-04-23 20:41:05.025 NONE  [8020]     checking input config value...
2024-04-23 20:41:05.025 NONE  [8020]     config value checking successful
2024-04-23 20:41:05.025 NONE  [8020]     checking log...
2024-04-23 20:41:05.025 NONE  [8020] ---------------------------------------------
2024-04-23 20:41:05.025 NONE  [8020] StovePCSDK(ver :2.6.6)
2024-04-23 20:41:05.025 NONE  [8020] Game Env : 
2024-04-23 20:41:05.025 NONE  [8020] Game LogLevel : 1
2024-04-23 20:41:05.025 NONE  [8020] Game LogPath : 
2024-04-23 20:41:05.025 NONE  [8020] ---------------------------------------------
2024-04-23 20:41:05.025 NONE  [8020]     core instance creation in progress...
2024-04-23 21:10:43.940 NONE  [8020] --> StovePC_Init
2024-04-23 21:10:43.940 NONE  [8020]     checking input config value...
2024-04-23 21:10:43.940 NONE  [8020]     config value checking successful
2024-04-23 21:10:43.940 NONE  [8020]     checking log...
2024-04-23 21:10:43.940 NONE  [8020] --> StovePC_Init
2024-04-23 21:10:43.940 NONE  [8020]     checking input config value...
2024-04-23 21:10:43.940 NONE  [8020]     config value checking successful
2024-04-23 21:10:43.940 NONE  [8020]     checking log...
2024-04-23 21:10:43.940 NONE  [8020] ---------------------------------------------
2024-04-23 21:10:43.940 NONE  [8020] StovePCSDK(ver :2.6.6)
2024-04-23 21:10:43.940 NONE  [8020] Game Env : 
2024-04-23 21:10:43.940 NONE  [8020] Game LogLevel : 1
2024-04-23 21:10:43.940 NONE  [8020] Game LogPath : 
2024-04-23 21:10:43.940 NONE  [8020] ---------------------------------------------
2024-04-23 21:10:43.940 NONE  [8020]     core instance creation in progress...
2024-04-23 21:11:13.426 NONE  [8020] --> StovePC_Init
2024-04-23 21:11:13.426 NONE  [8020]     checking input config value...
2024-04-23 21:11:13.426 NONE  [8020]     config value checking successful
2024-04-23 21:11:13.426 NONE  [8020]     checking log...
2024-04-23 21:11:13.426 NONE  [8020] --> StovePC_Init
2024-04-23 21:11:13.426 NONE  [8020]     checking input config value...
2024-04-23 21:11:13.426 NONE  [8020]     config value checking successful
2024-04-23 21:11:13.426 NONE  [8020]     checking log...
2024-04-23 21:11:13.426 NONE  [8020] ---------------------------------------------
2024-04-23 21:11:13.426 NONE  [8020] StovePCSDK(ver :2.6.6)
2024-04-23 21:11:13.426 NONE  [8020] Game Env : 
2024-04-23 21:11:13.426 NONE  [8020] Game LogLevel : 1
2024-04-23 21:11:13.426 NONE  [8020] Game LogPath : 
2024-04-23 21:11:13.426 NONE  [8020] ---------------------------------------------
2024-04-23 21:11:13.426 NONE  [8020]     core instance creation in progress...
2024-04-23 21:36:25.527 NONE  [8020] --> StovePC_Init
2024-04-23 21:36:25.527 NONE  [8020]     checking input config value...
2024-04-23 21:36:25.527 NONE  [8020]     config value checking successful
2024-04-23 21:36:25.527 NONE  [8020]     checking log...
2024-04-23 21:36:25.527 NONE  [8020] --> StovePC_Init
2024-04-23 21:36:25.527 NONE  [8020]     checking input config value...
2024-04-23 21:36:25.527 NONE  [8020]     config value checking successful
2024-04-23 21:36:25.527 NONE  [8020]     checking log...
2024-04-23 21:36:25.527 NONE  [8020] ---------------------------------------------
2024-04-23 21:36:25.527 NONE  [8020] StovePCSDK(ver :2.6.6)
2024-04-23 21:36:25.527 NONE  [8020] Game Env : 
2024-04-23 21:36:25.527 NONE  [8020] Game LogLevel : 1
2024-04-23 21:36:25.527 NONE  [8020] Game LogPath : 
2024-04-23 21:36:25.527 NONE  [8020] ---------------------------------------------
2024-04-23 21:36:25.527 NONE  [8020]     core instance creation in progress...
2024-04-23 21:46:25.009 NONE  [8020] --> StovePC_Init
2024-04-23 21:46:25.010 NONE  [8020]     checking input config value...
2024-04-23 21:46:25.010 NONE  [8020]     config value checking successful
2024-04-23 21:46:25.010 NONE  [8020]     checking log...
2024-04-23 21:46:25.010 NONE  [8020] --> StovePC_Init
2024-04-23 21:46:25.010 NONE  [8020]     checking input config value...
2024-04-23 21:46:25.010 NONE  [8020]     config value checking successful
2024-04-23 21:46:25.010 NONE  [8020]     checking log...
2024-04-23 21:46:25.010 NONE  [8020] ---------------------------------------------
2024-04-23 21:46:25.010 NONE  [8020] StovePCSDK(ver :2.6.6)
2024-04-23 21:46:25.010 NONE  [8020] Game Env : 
2024-04-23 21:46:25.010 NONE  [8020] Game LogLevel : 1
2024-04-23 21:46:25.010 NONE  [8020] Game LogPath : 
2024-04-23 21:46:25.010 NONE  [8020] ---------------------------------------------
2024-04-23 21:46:25.010 NONE  [8020]     core instance creation in progress...
2024-04-23 21:50:26.469 NONE  [8020] --> StovePC_Init
2024-04-23 21:50:26.469 NONE  [8020]     checking input config value...
2024-04-23 21:50:26.469 NONE  [8020]     config value checking successful
2024-04-23 21:50:26.469 NONE  [8020]     checking log...
2024-04-23 21:50:26.469 NONE  [8020] --> StovePC_Init
2024-04-23 21:50:26.469 NONE  [8020]     checking input config value...
2024-04-23 21:50:26.469 NONE  [8020]     config value checking successful
2024-04-23 21:50:26.469 NONE  [8020]     checking log...
2024-04-23 21:50:26.469 NONE  [8020] ---------------------------------------------
2024-04-23 21:50:26.469 NONE  [8020] StovePCSDK(ver :2.6.6)
2024-04-23 21:50:26.469 NONE  [8020] Game Env : 
2024-04-23 21:50:26.469 NONE  [8020] Game LogLevel : 1
2024-04-23 21:50:26.469 NONE  [8020] Game LogPath : 
2024-04-23 21:50:26.469 NONE  [8020] ---------------------------------------------
2024-04-23 21:50:26.469 NONE  [8020]     core instance creation in progress...
